2025-05-02 12:13:42,931 [Worker-8: Loading available Gradle versions] INFO  o.e.b.c.i.u.g.PublishedGradleVersions - Gradle version information cache is not available. Remote download required.
2025-05-02 12:22:16,556 [ModalContext] INFO  o.e.m.c.i.e.AbstractTransferListenerAdapter - Downloaded https://repo.maven.apache.org/maven2/org/glassfish/jersey/archetypes/jersey-quickstart-webapp/4.0.0-M2/jersey-quickstart-webapp-4.0.0-M2.pom
2025-05-02 12:23:39,684 [Worker-11: Launching mavenrun-8ae648ea-a63e-4325-84c1-881ffc3fe198] INFO  o.eclipse.m2e.core.internal.Bundles - getClasspathEntries(Bundle=org.eclipse.m2e.maven.runtime_3.9.900.20250220-2013 [637])
2025-05-02 12:23:39,691 [Worker-11: Launching mavenrun-8ae648ea-a63e-4325-84c1-881ffc3fe198] INFO  o.eclipse.m2e.core.internal.Bundles - 	Entry: C:\Users\sandhanm\.p2\pool\plugins\org.eclipse.m2e.maven.runtime_3.9.900.20250220-2013
2025-05-02 12:23:39,692 [Worker-11: Launching mavenrun-8ae648ea-a63e-4325-84c1-881ffc3fe198] INFO  o.eclipse.m2e.core.internal.Bundles - 	Entry: C:\Users\sandhanm\.p2\pool\plugins\org.eclipse.m2e.maven.runtime_3.9.900.20250220-2013\jars\aopalliance-1.0.jar
2025-05-02 12:23:39,693 [Worker-11: Launching mavenrun-8ae648ea-a63e-4325-84c1-881ffc3fe198] INFO  o.eclipse.m2e.core.internal.Bundles - 	Entry: C:\Users\sandhanm\.p2\pool\plugins\org.eclipse.m2e.maven.runtime_3.9.900.20250220-2013\jars\guice-5.1.0.jar
2025-05-02 12:23:39,694 [Worker-11: Launching mavenrun-8ae648ea-a63e-4325-84c1-881ffc3fe198] INFO  o.eclipse.m2e.core.internal.Bundles - 	Entry: C:\Users\sandhanm\.p2\pool\plugins\org.eclipse.m2e.maven.runtime_3.9.900.20250220-2013\jars\httpclient-4.5.14.jar
2025-05-02 12:23:39,694 [Worker-11: Launching mavenrun-8ae648ea-a63e-4325-84c1-881ffc3fe198] INFO  o.eclipse.m2e.core.internal.Bundles - 	Entry: C:\Users\sandhanm\.p2\pool\plugins\org.eclipse.m2e.maven.runtime_3.9.900.20250220-2013\jars\httpcore-4.4.16.jar
2025-05-02 12:23:39,694 [Worker-11: Launching mavenrun-8ae648ea-a63e-4325-84c1-881ffc3fe198] INFO  o.eclipse.m2e.core.internal.Bundles - 	Entry: C:\Users\sandhanm\.p2\pool\plugins\org.eclipse.m2e.maven.runtime_3.9.900.20250220-2013\jars\jansi-2.4.1.jar
2025-05-02 12:23:39,695 [Worker-11: Launching mavenrun-8ae648ea-a63e-4325-84c1-881ffc3fe198] INFO  o.eclipse.m2e.core.internal.Bundles - 	Entry: C:\Users\sandhanm\.p2\pool\plugins\org.eclipse.m2e.maven.runtime_3.9.900.20250220-2013\jars\jcl-over-slf4j-1.7.36.jar
2025-05-02 12:23:39,695 [Worker-11: Launching mavenrun-8ae648ea-a63e-4325-84c1-881ffc3fe198] INFO  o.eclipse.m2e.core.internal.Bundles - 	Entry: C:\Users\sandhanm\.p2\pool\plugins\org.eclipse.m2e.maven.runtime_3.9.900.20250220-2013\jars\maven-artifact-3.9.9.jar
2025-05-02 12:23:39,695 [Worker-11: Launching mavenrun-8ae648ea-a63e-4325-84c1-881ffc3fe198] INFO  o.eclipse.m2e.core.internal.Bundles - 	Entry: C:\Users\sandhanm\.p2\pool\plugins\org.eclipse.m2e.maven.runtime_3.9.900.20250220-2013\jars\maven-builder-support-3.9.9.jar
2025-05-02 12:23:39,696 [Worker-11: Launching mavenrun-8ae648ea-a63e-4325-84c1-881ffc3fe198] INFO  o.eclipse.m2e.core.internal.Bundles - 	Entry: C:\Users\sandhanm\.p2\pool\plugins\org.eclipse.m2e.maven.runtime_3.9.900.20250220-2013\jars\maven-compat-3.9.9.jar
2025-05-02 12:23:39,696 [Worker-11: Launching mavenrun-8ae648ea-a63e-4325-84c1-881ffc3fe198] INFO  o.eclipse.m2e.core.internal.Bundles - 	Entry: C:\Users\sandhanm\.p2\pool\plugins\org.eclipse.m2e.maven.runtime_3.9.900.20250220-2013\jars\maven-core-3.9.9.jar
2025-05-02 12:23:39,696 [Worker-11: Launching mavenrun-8ae648ea-a63e-4325-84c1-881ffc3fe198] INFO  o.eclipse.m2e.core.internal.Bundles - 	Entry: C:\Users\sandhanm\.p2\pool\plugins\org.eclipse.m2e.maven.runtime_3.9.900.20250220-2013\jars\maven-embedder-3.9.9.jar
2025-05-02 12:23:39,697 [Worker-11: Launching mavenrun-8ae648ea-a63e-4325-84c1-881ffc3fe198] INFO  o.eclipse.m2e.core.internal.Bundles - 	Entry: C:\Users\sandhanm\.p2\pool\plugins\org.eclipse.m2e.maven.runtime_3.9.900.20250220-2013\jars\maven-model-3.9.9.jar
2025-05-02 12:23:39,697 [Worker-11: Launching mavenrun-8ae648ea-a63e-4325-84c1-881ffc3fe198] INFO  o.eclipse.m2e.core.internal.Bundles - 	Entry: C:\Users\sandhanm\.p2\pool\plugins\org.eclipse.m2e.maven.runtime_3.9.900.20250220-2013\jars\maven-model-builder-3.9.9.jar
2025-05-02 12:23:39,697 [Worker-11: Launching mavenrun-8ae648ea-a63e-4325-84c1-881ffc3fe198] INFO  o.eclipse.m2e.core.internal.Bundles - 	Entry: C:\Users\sandhanm\.p2\pool\plugins\org.eclipse.m2e.maven.runtime_3.9.900.20250220-2013\jars\maven-plugin-api-3.9.9.jar
2025-05-02 12:23:39,698 [Worker-11: Launching mavenrun-8ae648ea-a63e-4325-84c1-881ffc3fe198] INFO  o.eclipse.m2e.core.internal.Bundles - 	Entry: C:\Users\sandhanm\.p2\pool\plugins\org.eclipse.m2e.maven.runtime_3.9.900.20250220-2013\jars\maven-repository-metadata-3.9.9.jar
2025-05-02 12:23:39,698 [Worker-11: Launching mavenrun-8ae648ea-a63e-4325-84c1-881ffc3fe198] INFO  o.eclipse.m2e.core.internal.Bundles - 	Entry: C:\Users\sandhanm\.p2\pool\plugins\org.eclipse.m2e.maven.runtime_3.9.900.20250220-2013\jars\maven-resolver-api-1.9.22.jar
2025-05-02 12:23:39,698 [Worker-11: Launching mavenrun-8ae648ea-a63e-4325-84c1-881ffc3fe198] INFO  o.eclipse.m2e.core.internal.Bundles - 	Entry: C:\Users\sandhanm\.p2\pool\plugins\org.eclipse.m2e.maven.runtime_3.9.900.20250220-2013\jars\maven-resolver-connector-basic-1.9.22.jar
2025-05-02 12:23:39,699 [Worker-11: Launching mavenrun-8ae648ea-a63e-4325-84c1-881ffc3fe198] INFO  o.eclipse.m2e.core.internal.Bundles - 	Entry: C:\Users\sandhanm\.p2\pool\plugins\org.eclipse.m2e.maven.runtime_3.9.900.20250220-2013\jars\maven-resolver-impl-1.9.22.jar
2025-05-02 12:23:39,699 [Worker-11: Launching mavenrun-8ae648ea-a63e-4325-84c1-881ffc3fe198] INFO  o.eclipse.m2e.core.internal.Bundles - 	Entry: C:\Users\sandhanm\.p2\pool\plugins\org.eclipse.m2e.maven.runtime_3.9.900.20250220-2013\jars\maven-resolver-named-locks-1.9.22.jar
2025-05-02 12:23:39,699 [Worker-11: Launching mavenrun-8ae648ea-a63e-4325-84c1-881ffc3fe198] INFO  o.eclipse.m2e.core.internal.Bundles - 	Entry: C:\Users\sandhanm\.p2\pool\plugins\org.eclipse.m2e.maven.runtime_3.9.900.20250220-2013\jars\maven-resolver-provider-3.9.9.jar
2025-05-02 12:23:39,699 [Worker-11: Launching mavenrun-8ae648ea-a63e-4325-84c1-881ffc3fe198] INFO  o.eclipse.m2e.core.internal.Bundles - 	Entry: C:\Users\sandhanm\.p2\pool\plugins\org.eclipse.m2e.maven.runtime_3.9.900.20250220-2013\jars\maven-resolver-spi-1.9.22.jar
2025-05-02 12:23:39,699 [Worker-11: Launching mavenrun-8ae648ea-a63e-4325-84c1-881ffc3fe198] INFO  o.eclipse.m2e.core.internal.Bundles - 	Entry: C:\Users\sandhanm\.p2\pool\plugins\org.eclipse.m2e.maven.runtime_3.9.900.20250220-2013\jars\maven-resolver-transport-file-1.9.22.jar
2025-05-02 12:23:39,700 [Worker-11: Launching mavenrun-8ae648ea-a63e-4325-84c1-881ffc3fe198] INFO  o.eclipse.m2e.core.internal.Bundles - 	Entry: C:\Users\sandhanm\.p2\pool\plugins\org.eclipse.m2e.maven.runtime_3.9.900.20250220-2013\jars\maven-resolver-transport-http-1.9.22.jar
2025-05-02 12:23:39,700 [Worker-11: Launching mavenrun-8ae648ea-a63e-4325-84c1-881ffc3fe198] INFO  o.eclipse.m2e.core.internal.Bundles - 	Entry: C:\Users\sandhanm\.p2\pool\plugins\org.eclipse.m2e.maven.runtime_3.9.900.20250220-2013\jars\maven-resolver-transport-wagon-1.9.22.jar
2025-05-02 12:23:39,700 [Worker-11: Launching mavenrun-8ae648ea-a63e-4325-84c1-881ffc3fe198] INFO  o.eclipse.m2e.core.internal.Bundles - 	Entry: C:\Users\sandhanm\.p2\pool\plugins\org.eclipse.m2e.maven.runtime_3.9.900.20250220-2013\jars\maven-resolver-util-1.9.22.jar
2025-05-02 12:23:39,700 [Worker-11: Launching mavenrun-8ae648ea-a63e-4325-84c1-881ffc3fe198] INFO  o.eclipse.m2e.core.internal.Bundles - 	Entry: C:\Users\sandhanm\.p2\pool\plugins\org.eclipse.m2e.maven.runtime_3.9.900.20250220-2013\jars\maven-settings-3.9.9.jar
2025-05-02 12:23:39,701 [Worker-11: Launching mavenrun-8ae648ea-a63e-4325-84c1-881ffc3fe198] INFO  o.eclipse.m2e.core.internal.Bundles - 	Entry: C:\Users\sandhanm\.p2\pool\plugins\org.eclipse.m2e.maven.runtime_3.9.900.20250220-2013\jars\maven-settings-builder-3.9.9.jar
2025-05-02 12:23:39,701 [Worker-11: Launching mavenrun-8ae648ea-a63e-4325-84c1-881ffc3fe198] INFO  o.eclipse.m2e.core.internal.Bundles - 	Entry: C:\Users\sandhanm\.p2\pool\plugins\org.eclipse.m2e.maven.runtime_3.9.900.20250220-2013\jars\maven-shared-utils-3.4.2.jar
2025-05-02 12:23:39,701 [Worker-11: Launching mavenrun-8ae648ea-a63e-4325-84c1-881ffc3fe198] INFO  o.eclipse.m2e.core.internal.Bundles - 	Entry: C:\Users\sandhanm\.p2\pool\plugins\org.eclipse.m2e.maven.runtime_3.9.900.20250220-2013\jars\org.eclipse.sisu.inject-0.9.0.M3.jar
2025-05-02 12:23:39,701 [Worker-11: Launching mavenrun-8ae648ea-a63e-4325-84c1-881ffc3fe198] INFO  o.eclipse.m2e.core.internal.Bundles - 	Entry: C:\Users\sandhanm\.p2\pool\plugins\org.eclipse.m2e.maven.runtime_3.9.900.20250220-2013\jars\org.eclipse.sisu.plexus-0.9.0.M3.jar
2025-05-02 12:23:39,702 [Worker-11: Launching mavenrun-8ae648ea-a63e-4325-84c1-881ffc3fe198] INFO  o.eclipse.m2e.core.internal.Bundles - 	Entry: C:\Users\sandhanm\.p2\pool\plugins\org.eclipse.m2e.maven.runtime_3.9.900.20250220-2013\jars\plexus-build-api-0.0.7.jar
2025-05-02 12:23:39,702 [Worker-11: Launching mavenrun-8ae648ea-a63e-4325-84c1-881ffc3fe198] INFO  o.eclipse.m2e.core.internal.Bundles - 	Entry: C:\Users\sandhanm\.p2\pool\plugins\org.eclipse.m2e.maven.runtime_3.9.900.20250220-2013\jars\plexus-build-api-1.2.0.jar
2025-05-02 12:23:39,702 [Worker-11: Launching mavenrun-8ae648ea-a63e-4325-84c1-881ffc3fe198] INFO  o.eclipse.m2e.core.internal.Bundles - 	Entry: C:\Users\sandhanm\.p2\pool\plugins\org.eclipse.m2e.maven.runtime_3.9.900.20250220-2013\jars\plexus-cipher-2.0.jar
2025-05-02 12:23:39,702 [Worker-11: Launching mavenrun-8ae648ea-a63e-4325-84c1-881ffc3fe198] INFO  o.eclipse.m2e.core.internal.Bundles - 	Entry: C:\Users\sandhanm\.p2\pool\plugins\org.eclipse.m2e.maven.runtime_3.9.900.20250220-2013\jars\plexus-classworlds-2.8.0.jar
2025-05-02 12:23:39,702 [Worker-11: Launching mavenrun-8ae648ea-a63e-4325-84c1-881ffc3fe198] INFO  o.eclipse.m2e.core.internal.Bundles - 	Entry: C:\Users\sandhanm\.p2\pool\plugins\org.eclipse.m2e.maven.runtime_3.9.900.20250220-2013\jars\plexus-component-annotations-2.1.0.jar
2025-05-02 12:23:39,702 [Worker-11: Launching mavenrun-8ae648ea-a63e-4325-84c1-881ffc3fe198] INFO  o.eclipse.m2e.core.internal.Bundles - 	Entry: C:\Users\sandhanm\.p2\pool\plugins\org.eclipse.m2e.maven.runtime_3.9.900.20250220-2013\jars\plexus-interpolation-1.27.jar
2025-05-02 12:23:39,703 [Worker-11: Launching mavenrun-8ae648ea-a63e-4325-84c1-881ffc3fe198] INFO  o.eclipse.m2e.core.internal.Bundles - 	Entry: C:\Users\sandhanm\.p2\pool\plugins\org.eclipse.m2e.maven.runtime_3.9.900.20250220-2013\jars\plexus-sec-dispatcher-2.0.jar
2025-05-02 12:23:39,703 [Worker-11: Launching mavenrun-8ae648ea-a63e-4325-84c1-881ffc3fe198] INFO  o.eclipse.m2e.core.internal.Bundles - 	Entry: C:\Users\sandhanm\.p2\pool\plugins\org.eclipse.m2e.maven.runtime_3.9.900.20250220-2013\jars\plexus-utils-3.5.1.jar
2025-05-02 12:23:39,703 [Worker-11: Launching mavenrun-8ae648ea-a63e-4325-84c1-881ffc3fe198] INFO  o.eclipse.m2e.core.internal.Bundles - 	Entry: C:\Users\sandhanm\.p2\pool\plugins\org.eclipse.m2e.maven.runtime_3.9.900.20250220-2013\jars\plexus-xml-3.0.1.jar
2025-05-02 12:23:39,703 [Worker-11: Launching mavenrun-8ae648ea-a63e-4325-84c1-881ffc3fe198] INFO  o.eclipse.m2e.core.internal.Bundles - 	Entry: C:\Users\sandhanm\.p2\pool\plugins\org.eclipse.m2e.maven.runtime_3.9.900.20250220-2013\jars\wagon-file-3.5.3.jar
2025-05-02 12:23:39,703 [Worker-11: Launching mavenrun-8ae648ea-a63e-4325-84c1-881ffc3fe198] INFO  o.eclipse.m2e.core.internal.Bundles - 	Entry: C:\Users\sandhanm\.p2\pool\plugins\org.eclipse.m2e.maven.runtime_3.9.900.20250220-2013\jars\wagon-http-3.5.3.jar
2025-05-02 12:23:39,705 [Worker-11: Launching mavenrun-8ae648ea-a63e-4325-84c1-881ffc3fe198] INFO  o.eclipse.m2e.core.internal.Bundles - 	Entry: C:\Users\sandhanm\.p2\pool\plugins\org.eclipse.m2e.maven.runtime_3.9.900.20250220-2013\jars\wagon-http-shared-3.5.3.jar
2025-05-02 12:23:39,705 [Worker-11: Launching mavenrun-8ae648ea-a63e-4325-84c1-881ffc3fe198] INFO  o.eclipse.m2e.core.internal.Bundles - 	Entry: C:\Users\sandhanm\.p2\pool\plugins\org.eclipse.m2e.maven.runtime_3.9.900.20250220-2013\jars\wagon-provider-api-3.5.3.jar
2025-05-02 12:23:39,707 [Worker-11: Launching mavenrun-8ae648ea-a63e-4325-84c1-881ffc3fe198] INFO  o.eclipse.m2e.core.internal.Bundles - getClasspathEntries(Bundle=com.google.guava_33.4.0.jre [16])
2025-05-02 12:23:39,708 [Worker-11: Launching mavenrun-8ae648ea-a63e-4325-84c1-881ffc3fe198] INFO  o.eclipse.m2e.core.internal.Bundles - 	Entry: C:\Users\sandhanm\.p2\pool\plugins\com.google.guava_33.4.0.jre.jar
2025-05-02 12:23:39,709 [Worker-11: Launching mavenrun-8ae648ea-a63e-4325-84c1-881ffc3fe198] INFO  o.eclipse.m2e.core.internal.Bundles - getClasspathEntries(Bundle=slf4j.api_2.0.17 [1004])
2025-05-02 12:23:39,710 [Worker-11: Launching mavenrun-8ae648ea-a63e-4325-84c1-881ffc3fe198] INFO  o.eclipse.m2e.core.internal.Bundles - 	Entry: C:\Users\sandhanm\.p2\pool\plugins\slf4j.api_2.0.17.jar
2025-05-02 12:23:39,710 [Worker-11: Launching mavenrun-8ae648ea-a63e-4325-84c1-881ffc3fe198] INFO  o.eclipse.m2e.core.internal.Bundles - getClasspathEntries(Bundle=jakarta.inject.jakarta.inject-api_1.0.5 [34])
2025-05-02 12:23:39,711 [Worker-11: Launching mavenrun-8ae648ea-a63e-4325-84c1-881ffc3fe198] INFO  o.eclipse.m2e.core.internal.Bundles - 	Entry: C:\Users\sandhanm\.p2\pool\plugins\jakarta.inject.jakarta.inject-api_1.0.5.jar
2025-05-02 12:23:39,711 [Worker-11: Launching mavenrun-8ae648ea-a63e-4325-84c1-881ffc3fe198] INFO  o.eclipse.m2e.core.internal.Bundles - getClasspathEntries(Bundle=jakarta.annotation-api_1.3.5 [29])
2025-05-02 12:23:39,711 [Worker-11: Launching mavenrun-8ae648ea-a63e-4325-84c1-881ffc3fe198] INFO  o.eclipse.m2e.core.internal.Bundles - 	Entry: C:\Users\sandhanm\.p2\pool\plugins\jakarta.annotation-api_1.3.5.jar
2025-05-02 12:23:39,711 [Worker-11: Launching mavenrun-8ae648ea-a63e-4325-84c1-881ffc3fe198] INFO  o.eclipse.m2e.core.internal.Bundles - getClasspathEntries(Bundle=org.apache.commons.cli_1.9.0 [74])
2025-05-02 12:23:39,712 [Worker-11: Launching mavenrun-8ae648ea-a63e-4325-84c1-881ffc3fe198] INFO  o.eclipse.m2e.core.internal.Bundles - 	Entry: C:\Users\sandhanm\.p2\pool\plugins\org.apache.commons.cli_1.9.0.jar
2025-05-02 12:23:39,712 [Worker-11: Launching mavenrun-8ae648ea-a63e-4325-84c1-881ffc3fe198] INFO  o.eclipse.m2e.core.internal.Bundles - getClasspathEntries(Bundle=org.apache.commons.commons-codec_1.16.0 [76])
2025-05-02 12:23:39,712 [Worker-11: Launching mavenrun-8ae648ea-a63e-4325-84c1-881ffc3fe198] INFO  o.eclipse.m2e.core.internal.Bundles - 	Entry: C:\Users\sandhanm\.p2\pool\plugins\org.apache.commons.commons-codec_1.16.0.jar
2025-05-02 12:23:39,712 [Worker-11: Launching mavenrun-8ae648ea-a63e-4325-84c1-881ffc3fe198] INFO  o.eclipse.m2e.core.internal.Bundles - getClasspathEntries(Bundle=com.google.guava.failureaccess_1.0.2 [17])
2025-05-02 12:23:39,713 [Worker-11: Launching mavenrun-8ae648ea-a63e-4325-84c1-881ffc3fe198] INFO  o.eclipse.m2e.core.internal.Bundles - 	Entry: C:\Users\sandhanm\.p2\pool\plugins\com.google.guava.failureaccess_1.0.2.jar
2025-05-02 12:23:39,720 [Worker-11: Launching mavenrun-8ae648ea-a63e-4325-84c1-881ffc3fe198] INFO  o.e.m.i.launch.MavenLaunchDelegate - Run build in "C:\Users\sandhanm\AppData\Local\Temp\m2e-archetypeGenerator7029337119474647433":
2025-05-02 12:23:39,728 [Worker-11: Launching mavenrun-8ae648ea-a63e-4325-84c1-881ffc3fe198] INFO  o.e.m.i.launch.MavenLaunchDelegate -  mvn  -DarchetypeGroupId=org.glassfish.jersey.archetypes -DarchetypeArtifactId=jersey-quickstart-webapp -DarchetypeVersion=4.0.0-M2 -DgroupId=infinite -DartifactId=carRental -Dversion=0.0.1-SNAPSHOT -Dpackage=com.java.carrental -DoutputDirectory="C:\Users\sandhanm\OneDrive - Infinite Computer Solutions (India) Limited\javaTraining\car_rental" -Dstyle.color=always -U archetype:generate
2025-05-02 13:57:46,742 [Worker-2: Loading available Gradle versions] INFO  o.e.b.c.i.u.g.PublishedGradleVersions - Gradle version information cache is up-to-date. Trying to read.
2025-05-02 16:14:06,523 [Worker-23: Launching mavenrun-c3d52b5f-a16c-4803-b4d4-c58505a8b33c] INFO  o.eclipse.m2e.core.internal.Bundles - getClasspathEntries(Bundle=org.eclipse.m2e.maven.runtime_3.9.900.20250220-2013 [637])
2025-05-02 16:14:06,527 [Worker-23: Launching mavenrun-c3d52b5f-a16c-4803-b4d4-c58505a8b33c] INFO  o.eclipse.m2e.core.internal.Bundles - 	Entry: C:\Users\sandhanm\.p2\pool\plugins\org.eclipse.m2e.maven.runtime_3.9.900.20250220-2013
2025-05-02 16:14:06,527 [Worker-23: Launching mavenrun-c3d52b5f-a16c-4803-b4d4-c58505a8b33c] INFO  o.eclipse.m2e.core.internal.Bundles - 	Entry: C:\Users\sandhanm\.p2\pool\plugins\org.eclipse.m2e.maven.runtime_3.9.900.20250220-2013\jars\aopalliance-1.0.jar
2025-05-02 16:14:06,527 [Worker-23: Launching mavenrun-c3d52b5f-a16c-4803-b4d4-c58505a8b33c] INFO  o.eclipse.m2e.core.internal.Bundles - 	Entry: C:\Users\sandhanm\.p2\pool\plugins\org.eclipse.m2e.maven.runtime_3.9.900.20250220-2013\jars\guice-5.1.0.jar
2025-05-02 16:14:06,529 [Worker-23: Launching mavenrun-c3d52b5f-a16c-4803-b4d4-c58505a8b33c] INFO  o.eclipse.m2e.core.internal.Bundles - 	Entry: C:\Users\sandhanm\.p2\pool\plugins\org.eclipse.m2e.maven.runtime_3.9.900.20250220-2013\jars\httpclient-4.5.14.jar
2025-05-02 16:14:06,529 [Worker-23: Launching mavenrun-c3d52b5f-a16c-4803-b4d4-c58505a8b33c] INFO  o.eclipse.m2e.core.internal.Bundles - 	Entry: C:\Users\sandhanm\.p2\pool\plugins\org.eclipse.m2e.maven.runtime_3.9.900.20250220-2013\jars\httpcore-4.4.16.jar
2025-05-02 16:14:06,529 [Worker-23: Launching mavenrun-c3d52b5f-a16c-4803-b4d4-c58505a8b33c] INFO  o.eclipse.m2e.core.internal.Bundles - 	Entry: C:\Users\sandhanm\.p2\pool\plugins\org.eclipse.m2e.maven.runtime_3.9.900.20250220-2013\jars\jansi-2.4.1.jar
2025-05-02 16:14:06,529 [Worker-23: Launching mavenrun-c3d52b5f-a16c-4803-b4d4-c58505a8b33c] INFO  o.eclipse.m2e.core.internal.Bundles - 	Entry: C:\Users\sandhanm\.p2\pool\plugins\org.eclipse.m2e.maven.runtime_3.9.900.20250220-2013\jars\jcl-over-slf4j-1.7.36.jar
2025-05-02 16:14:06,529 [Worker-23: Launching mavenrun-c3d52b5f-a16c-4803-b4d4-c58505a8b33c] INFO  o.eclipse.m2e.core.internal.Bundles - 	Entry: C:\Users\sandhanm\.p2\pool\plugins\org.eclipse.m2e.maven.runtime_3.9.900.20250220-2013\jars\maven-artifact-3.9.9.jar
2025-05-02 16:14:06,530 [Worker-23: Launching mavenrun-c3d52b5f-a16c-4803-b4d4-c58505a8b33c] INFO  o.eclipse.m2e.core.internal.Bundles - 	Entry: C:\Users\sandhanm\.p2\pool\plugins\org.eclipse.m2e.maven.runtime_3.9.900.20250220-2013\jars\maven-builder-support-3.9.9.jar
2025-05-02 16:14:06,530 [Worker-23: Launching mavenrun-c3d52b5f-a16c-4803-b4d4-c58505a8b33c] INFO  o.eclipse.m2e.core.internal.Bundles - 	Entry: C:\Users\sandhanm\.p2\pool\plugins\org.eclipse.m2e.maven.runtime_3.9.900.20250220-2013\jars\maven-compat-3.9.9.jar
2025-05-02 16:14:06,530 [Worker-23: Launching mavenrun-c3d52b5f-a16c-4803-b4d4-c58505a8b33c] INFO  o.eclipse.m2e.core.internal.Bundles - 	Entry: C:\Users\sandhanm\.p2\pool\plugins\org.eclipse.m2e.maven.runtime_3.9.900.20250220-2013\jars\maven-core-3.9.9.jar
2025-05-02 16:14:06,530 [Worker-23: Launching mavenrun-c3d52b5f-a16c-4803-b4d4-c58505a8b33c] INFO  o.eclipse.m2e.core.internal.Bundles - 	Entry: C:\Users\sandhanm\.p2\pool\plugins\org.eclipse.m2e.maven.runtime_3.9.900.20250220-2013\jars\maven-embedder-3.9.9.jar
2025-05-02 16:14:06,531 [Worker-23: Launching mavenrun-c3d52b5f-a16c-4803-b4d4-c58505a8b33c] INFO  o.eclipse.m2e.core.internal.Bundles - 	Entry: C:\Users\sandhanm\.p2\pool\plugins\org.eclipse.m2e.maven.runtime_3.9.900.20250220-2013\jars\maven-model-3.9.9.jar
2025-05-02 16:14:06,531 [Worker-23: Launching mavenrun-c3d52b5f-a16c-4803-b4d4-c58505a8b33c] INFO  o.eclipse.m2e.core.internal.Bundles - 	Entry: C:\Users\sandhanm\.p2\pool\plugins\org.eclipse.m2e.maven.runtime_3.9.900.20250220-2013\jars\maven-model-builder-3.9.9.jar
2025-05-02 16:14:06,531 [Worker-23: Launching mavenrun-c3d52b5f-a16c-4803-b4d4-c58505a8b33c] INFO  o.eclipse.m2e.core.internal.Bundles - 	Entry: C:\Users\sandhanm\.p2\pool\plugins\org.eclipse.m2e.maven.runtime_3.9.900.20250220-2013\jars\maven-plugin-api-3.9.9.jar
2025-05-02 16:14:06,532 [Worker-23: Launching mavenrun-c3d52b5f-a16c-4803-b4d4-c58505a8b33c] INFO  o.eclipse.m2e.core.internal.Bundles - 	Entry: C:\Users\sandhanm\.p2\pool\plugins\org.eclipse.m2e.maven.runtime_3.9.900.20250220-2013\jars\maven-repository-metadata-3.9.9.jar
2025-05-02 16:14:06,532 [Worker-23: Launching mavenrun-c3d52b5f-a16c-4803-b4d4-c58505a8b33c] INFO  o.eclipse.m2e.core.internal.Bundles - 	Entry: C:\Users\sandhanm\.p2\pool\plugins\org.eclipse.m2e.maven.runtime_3.9.900.20250220-2013\jars\maven-resolver-api-1.9.22.jar
2025-05-02 16:14:06,532 [Worker-23: Launching mavenrun-c3d52b5f-a16c-4803-b4d4-c58505a8b33c] INFO  o.eclipse.m2e.core.internal.Bundles - 	Entry: C:\Users\sandhanm\.p2\pool\plugins\org.eclipse.m2e.maven.runtime_3.9.900.20250220-2013\jars\maven-resolver-connector-basic-1.9.22.jar
2025-05-02 16:14:06,532 [Worker-23: Launching mavenrun-c3d52b5f-a16c-4803-b4d4-c58505a8b33c] INFO  o.eclipse.m2e.core.internal.Bundles - 	Entry: C:\Users\sandhanm\.p2\pool\plugins\org.eclipse.m2e.maven.runtime_3.9.900.20250220-2013\jars\maven-resolver-impl-1.9.22.jar
2025-05-02 16:14:06,533 [Worker-23: Launching mavenrun-c3d52b5f-a16c-4803-b4d4-c58505a8b33c] INFO  o.eclipse.m2e.core.internal.Bundles - 	Entry: C:\Users\sandhanm\.p2\pool\plugins\org.eclipse.m2e.maven.runtime_3.9.900.20250220-2013\jars\maven-resolver-named-locks-1.9.22.jar
2025-05-02 16:14:06,533 [Worker-23: Launching mavenrun-c3d52b5f-a16c-4803-b4d4-c58505a8b33c] INFO  o.eclipse.m2e.core.internal.Bundles - 	Entry: C:\Users\sandhanm\.p2\pool\plugins\org.eclipse.m2e.maven.runtime_3.9.900.20250220-2013\jars\maven-resolver-provider-3.9.9.jar
2025-05-02 16:14:06,533 [Worker-23: Launching mavenrun-c3d52b5f-a16c-4803-b4d4-c58505a8b33c] INFO  o.eclipse.m2e.core.internal.Bundles - 	Entry: C:\Users\sandhanm\.p2\pool\plugins\org.eclipse.m2e.maven.runtime_3.9.900.20250220-2013\jars\maven-resolver-spi-1.9.22.jar
2025-05-02 16:14:06,533 [Worker-23: Launching mavenrun-c3d52b5f-a16c-4803-b4d4-c58505a8b33c] INFO  o.eclipse.m2e.core.internal.Bundles - 	Entry: C:\Users\sandhanm\.p2\pool\plugins\org.eclipse.m2e.maven.runtime_3.9.900.20250220-2013\jars\maven-resolver-transport-file-1.9.22.jar
2025-05-02 16:14:06,534 [Worker-23: Launching mavenrun-c3d52b5f-a16c-4803-b4d4-c58505a8b33c] INFO  o.eclipse.m2e.core.internal.Bundles - 	Entry: C:\Users\sandhanm\.p2\pool\plugins\org.eclipse.m2e.maven.runtime_3.9.900.20250220-2013\jars\maven-resolver-transport-http-1.9.22.jar
2025-05-02 16:14:06,534 [Worker-23: Launching mavenrun-c3d52b5f-a16c-4803-b4d4-c58505a8b33c] INFO  o.eclipse.m2e.core.internal.Bundles - 	Entry: C:\Users\sandhanm\.p2\pool\plugins\org.eclipse.m2e.maven.runtime_3.9.900.20250220-2013\jars\maven-resolver-transport-wagon-1.9.22.jar
2025-05-02 16:14:06,534 [Worker-23: Launching mavenrun-c3d52b5f-a16c-4803-b4d4-c58505a8b33c] INFO  o.eclipse.m2e.core.internal.Bundles - 	Entry: C:\Users\sandhanm\.p2\pool\plugins\org.eclipse.m2e.maven.runtime_3.9.900.20250220-2013\jars\maven-resolver-util-1.9.22.jar
2025-05-02 16:14:06,534 [Worker-23: Launching mavenrun-c3d52b5f-a16c-4803-b4d4-c58505a8b33c] INFO  o.eclipse.m2e.core.internal.Bundles - 	Entry: C:\Users\sandhanm\.p2\pool\plugins\org.eclipse.m2e.maven.runtime_3.9.900.20250220-2013\jars\maven-settings-3.9.9.jar
2025-05-02 16:14:06,535 [Worker-23: Launching mavenrun-c3d52b5f-a16c-4803-b4d4-c58505a8b33c] INFO  o.eclipse.m2e.core.internal.Bundles - 	Entry: C:\Users\sandhanm\.p2\pool\plugins\org.eclipse.m2e.maven.runtime_3.9.900.20250220-2013\jars\maven-settings-builder-3.9.9.jar
2025-05-02 16:14:06,535 [Worker-23: Launching mavenrun-c3d52b5f-a16c-4803-b4d4-c58505a8b33c] INFO  o.eclipse.m2e.core.internal.Bundles - 	Entry: C:\Users\sandhanm\.p2\pool\plugins\org.eclipse.m2e.maven.runtime_3.9.900.20250220-2013\jars\maven-shared-utils-3.4.2.jar
2025-05-02 16:14:06,535 [Worker-23: Launching mavenrun-c3d52b5f-a16c-4803-b4d4-c58505a8b33c] INFO  o.eclipse.m2e.core.internal.Bundles - 	Entry: C:\Users\sandhanm\.p2\pool\plugins\org.eclipse.m2e.maven.runtime_3.9.900.20250220-2013\jars\org.eclipse.sisu.inject-0.9.0.M3.jar
2025-05-02 16:14:06,535 [Worker-23: Launching mavenrun-c3d52b5f-a16c-4803-b4d4-c58505a8b33c] INFO  o.eclipse.m2e.core.internal.Bundles - 	Entry: C:\Users\sandhanm\.p2\pool\plugins\org.eclipse.m2e.maven.runtime_3.9.900.20250220-2013\jars\org.eclipse.sisu.plexus-0.9.0.M3.jar
2025-05-02 16:14:06,535 [Worker-23: Launching mavenrun-c3d52b5f-a16c-4803-b4d4-c58505a8b33c] INFO  o.eclipse.m2e.core.internal.Bundles - 	Entry: C:\Users\sandhanm\.p2\pool\plugins\org.eclipse.m2e.maven.runtime_3.9.900.20250220-2013\jars\plexus-build-api-0.0.7.jar
2025-05-02 16:14:06,537 [Worker-23: Launching mavenrun-c3d52b5f-a16c-4803-b4d4-c58505a8b33c] INFO  o.eclipse.m2e.core.internal.Bundles - 	Entry: C:\Users\sandhanm\.p2\pool\plugins\org.eclipse.m2e.maven.runtime_3.9.900.20250220-2013\jars\plexus-build-api-1.2.0.jar
2025-05-02 16:14:06,537 [Worker-23: Launching mavenrun-c3d52b5f-a16c-4803-b4d4-c58505a8b33c] INFO  o.eclipse.m2e.core.internal.Bundles - 	Entry: C:\Users\sandhanm\.p2\pool\plugins\org.eclipse.m2e.maven.runtime_3.9.900.20250220-2013\jars\plexus-cipher-2.0.jar
2025-05-02 16:14:06,537 [Worker-23: Launching mavenrun-c3d52b5f-a16c-4803-b4d4-c58505a8b33c] INFO  o.eclipse.m2e.core.internal.Bundles - 	Entry: C:\Users\sandhanm\.p2\pool\plugins\org.eclipse.m2e.maven.runtime_3.9.900.20250220-2013\jars\plexus-classworlds-2.8.0.jar
2025-05-02 16:14:06,537 [Worker-23: Launching mavenrun-c3d52b5f-a16c-4803-b4d4-c58505a8b33c] INFO  o.eclipse.m2e.core.internal.Bundles - 	Entry: C:\Users\sandhanm\.p2\pool\plugins\org.eclipse.m2e.maven.runtime_3.9.900.20250220-2013\jars\plexus-component-annotations-2.1.0.jar
2025-05-02 16:14:06,537 [Worker-23: Launching mavenrun-c3d52b5f-a16c-4803-b4d4-c58505a8b33c] INFO  o.eclipse.m2e.core.internal.Bundles - 	Entry: C:\Users\sandhanm\.p2\pool\plugins\org.eclipse.m2e.maven.runtime_3.9.900.20250220-2013\jars\plexus-interpolation-1.27.jar
2025-05-02 16:14:06,538 [Worker-23: Launching mavenrun-c3d52b5f-a16c-4803-b4d4-c58505a8b33c] INFO  o.eclipse.m2e.core.internal.Bundles - 	Entry: C:\Users\sandhanm\.p2\pool\plugins\org.eclipse.m2e.maven.runtime_3.9.900.20250220-2013\jars\plexus-sec-dispatcher-2.0.jar
2025-05-02 16:14:06,538 [Worker-23: Launching mavenrun-c3d52b5f-a16c-4803-b4d4-c58505a8b33c] INFO  o.eclipse.m2e.core.internal.Bundles - 	Entry: C:\Users\sandhanm\.p2\pool\plugins\org.eclipse.m2e.maven.runtime_3.9.900.20250220-2013\jars\plexus-utils-3.5.1.jar
2025-05-02 16:14:06,538 [Worker-23: Launching mavenrun-c3d52b5f-a16c-4803-b4d4-c58505a8b33c] INFO  o.eclipse.m2e.core.internal.Bundles - 	Entry: C:\Users\sandhanm\.p2\pool\plugins\org.eclipse.m2e.maven.runtime_3.9.900.20250220-2013\jars\plexus-xml-3.0.1.jar
2025-05-02 16:14:06,538 [Worker-23: Launching mavenrun-c3d52b5f-a16c-4803-b4d4-c58505a8b33c] INFO  o.eclipse.m2e.core.internal.Bundles - 	Entry: C:\Users\sandhanm\.p2\pool\plugins\org.eclipse.m2e.maven.runtime_3.9.900.20250220-2013\jars\wagon-file-3.5.3.jar
2025-05-02 16:14:06,538 [Worker-23: Launching mavenrun-c3d52b5f-a16c-4803-b4d4-c58505a8b33c] INFO  o.eclipse.m2e.core.internal.Bundles - 	Entry: C:\Users\sandhanm\.p2\pool\plugins\org.eclipse.m2e.maven.runtime_3.9.900.20250220-2013\jars\wagon-http-3.5.3.jar
2025-05-02 16:14:06,539 [Worker-23: Launching mavenrun-c3d52b5f-a16c-4803-b4d4-c58505a8b33c] INFO  o.eclipse.m2e.core.internal.Bundles - 	Entry: C:\Users\sandhanm\.p2\pool\plugins\org.eclipse.m2e.maven.runtime_3.9.900.20250220-2013\jars\wagon-http-shared-3.5.3.jar
2025-05-02 16:14:06,539 [Worker-23: Launching mavenrun-c3d52b5f-a16c-4803-b4d4-c58505a8b33c] INFO  o.eclipse.m2e.core.internal.Bundles - 	Entry: C:\Users\sandhanm\.p2\pool\plugins\org.eclipse.m2e.maven.runtime_3.9.900.20250220-2013\jars\wagon-provider-api-3.5.3.jar
2025-05-02 16:14:06,541 [Worker-23: Launching mavenrun-c3d52b5f-a16c-4803-b4d4-c58505a8b33c] INFO  o.eclipse.m2e.core.internal.Bundles - getClasspathEntries(Bundle=com.google.guava_33.4.0.jre [16])
2025-05-02 16:14:06,541 [Worker-23: Launching mavenrun-c3d52b5f-a16c-4803-b4d4-c58505a8b33c] INFO  o.eclipse.m2e.core.internal.Bundles - 	Entry: C:\Users\sandhanm\.p2\pool\plugins\com.google.guava_33.4.0.jre.jar
2025-05-02 16:14:06,542 [Worker-23: Launching mavenrun-c3d52b5f-a16c-4803-b4d4-c58505a8b33c] INFO  o.eclipse.m2e.core.internal.Bundles - getClasspathEntries(Bundle=slf4j.api_2.0.17 [1004])
2025-05-02 16:14:06,542 [Worker-23: Launching mavenrun-c3d52b5f-a16c-4803-b4d4-c58505a8b33c] INFO  o.eclipse.m2e.core.internal.Bundles - 	Entry: C:\Users\sandhanm\.p2\pool\plugins\slf4j.api_2.0.17.jar
2025-05-02 16:14:06,542 [Worker-23: Launching mavenrun-c3d52b5f-a16c-4803-b4d4-c58505a8b33c] INFO  o.eclipse.m2e.core.internal.Bundles - getClasspathEntries(Bundle=jakarta.inject.jakarta.inject-api_1.0.5 [34])
2025-05-02 16:14:06,543 [Worker-23: Launching mavenrun-c3d52b5f-a16c-4803-b4d4-c58505a8b33c] INFO  o.eclipse.m2e.core.internal.Bundles - 	Entry: C:\Users\sandhanm\.p2\pool\plugins\jakarta.inject.jakarta.inject-api_1.0.5.jar
2025-05-02 16:14:06,543 [Worker-23: Launching mavenrun-c3d52b5f-a16c-4803-b4d4-c58505a8b33c] INFO  o.eclipse.m2e.core.internal.Bundles - getClasspathEntries(Bundle=jakarta.annotation-api_1.3.5 [29])
2025-05-02 16:14:06,543 [Worker-23: Launching mavenrun-c3d52b5f-a16c-4803-b4d4-c58505a8b33c] INFO  o.eclipse.m2e.core.internal.Bundles - 	Entry: C:\Users\sandhanm\.p2\pool\plugins\jakarta.annotation-api_1.3.5.jar
2025-05-02 16:14:06,543 [Worker-23: Launching mavenrun-c3d52b5f-a16c-4803-b4d4-c58505a8b33c] INFO  o.eclipse.m2e.core.internal.Bundles - getClasspathEntries(Bundle=org.apache.commons.cli_1.9.0 [74])
2025-05-02 16:14:06,544 [Worker-23: Launching mavenrun-c3d52b5f-a16c-4803-b4d4-c58505a8b33c] INFO  o.eclipse.m2e.core.internal.Bundles - 	Entry: C:\Users\sandhanm\.p2\pool\plugins\org.apache.commons.cli_1.9.0.jar
2025-05-02 16:14:06,544 [Worker-23: Launching mavenrun-c3d52b5f-a16c-4803-b4d4-c58505a8b33c] INFO  o.eclipse.m2e.core.internal.Bundles - getClasspathEntries(Bundle=org.apache.commons.commons-codec_1.16.0 [76])
2025-05-02 16:14:06,544 [Worker-23: Launching mavenrun-c3d52b5f-a16c-4803-b4d4-c58505a8b33c] INFO  o.eclipse.m2e.core.internal.Bundles - 	Entry: C:\Users\sandhanm\.p2\pool\plugins\org.apache.commons.commons-codec_1.16.0.jar
2025-05-02 16:14:06,544 [Worker-23: Launching mavenrun-c3d52b5f-a16c-4803-b4d4-c58505a8b33c] INFO  o.eclipse.m2e.core.internal.Bundles - getClasspathEntries(Bundle=com.google.guava.failureaccess_1.0.2 [17])
2025-05-02 16:14:06,545 [Worker-23: Launching mavenrun-c3d52b5f-a16c-4803-b4d4-c58505a8b33c] INFO  o.eclipse.m2e.core.internal.Bundles - 	Entry: C:\Users\sandhanm\.p2\pool\plugins\com.google.guava.failureaccess_1.0.2.jar
2025-05-02 16:14:06,909 [Worker-23: Launching mavenrun-c3d52b5f-a16c-4803-b4d4-c58505a8b33c] INFO  o.e.m.i.launch.MavenLaunchDelegate - Run build in "C:\Users\sandhanm\AppData\Local\Temp\m2e-archetypeGenerator4045250380965131130":
2025-05-02 16:14:06,947 [Worker-23: Launching mavenrun-c3d52b5f-a16c-4803-b4d4-c58505a8b33c] INFO  o.e.m.i.launch.MavenLaunchDelegate -  mvn  -DarchetypeGroupId=org.glassfish.jersey.archetypes -DarchetypeArtifactId=jersey-quickstart-webapp -DarchetypeVersion=4.0.0-M2 -DgroupId=infinite -DartifactId=carrent -Dversion=0.0.1-SNAPSHOT -Dpackage=com.java.carrent -DoutputDirectory="C:\Users\sandhanm\OneDrive - Infinite Computer Solutions (India) Limited\javaTraining\car_rental" -Dstyle.color=always -U archetype:generate
2025-05-02 16:14:28,135 [Worker-6: Creating jersey-quickstart-webapp] INFO  o.e.m.c.i.p.ProjectConfigurationManager - Collecting project info '/pom.xml' C:\Users\sandhanm\OneDrive - Infinite Computer Solutions (India) Limited\javaTraining\car_rental\carrent\pom.xml
2025-05-02 16:14:28,397 [Worker-6: Creating jersey-quickstart-webapp] INFO  o.e.m.c.i.e.AbstractTransferListenerAdapter - Downloaded https://repo.maven.apache.org/maven2/org/glassfish/jersey/jersey-bom/4.0.0-M2/jersey-bom-4.0.0-M2.pom
2025-05-02 16:14:30,405 [Worker-6: Creating jersey-quickstart-webapp] INFO  o.e.m.c.i.e.AbstractTransferListenerAdapter - Downloaded https://repo.maven.apache.org/maven2/org/apache/maven/plugins/maven-resources-plugin/3.3.1/maven-resources-plugin-3.3.1.jar
2025-05-02 16:14:30,463 [Worker-6: Creating jersey-quickstart-webapp] INFO  o.e.m.c.i.e.AbstractTransferListenerAdapter - Downloaded https://repo.maven.apache.org/maven2/org/apache/maven/plugins/maven-compiler-plugin/3.13.0/maven-compiler-plugin-3.13.0.jar
2025-05-02 16:14:30,574 [Worker-6: Creating jersey-quickstart-webapp] INFO  o.e.m.c.i.e.AbstractTransferListenerAdapter - Downloaded https://repo.maven.apache.org/maven2/org/apache/maven/plugins/maven-surefire-plugin/3.2.5/maven-surefire-plugin-3.2.5.jar
2025-05-02 16:14:30,615 [Worker-6: Creating jersey-quickstart-webapp] INFO  o.e.m.c.i.e.AbstractTransferListenerAdapter - Downloaded https://repo.maven.apache.org/maven2/org/apache/maven/plugins/maven-war-plugin/3.4.0/maven-war-plugin-3.4.0.jar
2025-05-02 16:14:30,704 [Worker-6: Creating jersey-quickstart-webapp] INFO  o.e.m.c.i.e.AbstractTransferListenerAdapter - Downloaded https://repo.maven.apache.org/maven2/org/apache/maven/plugins/maven-compiler-plugin/3.13.0/maven-compiler-plugin-3.13.0.pom
2025-05-02 16:14:30,967 [Worker-6: Creating jersey-quickstart-webapp] INFO  o.e.m.c.i.l.LifecycleMappingFactory - Using org.maven.ide.eclipse.wtp.WarLifecycleMapping lifecycle mapping for MavenProject: infinite:carrent:0.0.1-SNAPSHOT @ C:\Users\sandhanm\OneDrive - Infinite Computer Solutions (India) Limited\javaTraining\car_rental\carrent\pom.xml.
2025-05-02 16:14:31,190 [Worker-6: Creating jersey-quickstart-webapp] INFO  o.e.m.c.i.e.AbstractTransferListenerAdapter - Downloaded https://repo.maven.apache.org/maven2/org/apache/maven/plugins/maven-resources-plugin/3.3.1/maven-resources-plugin-3.3.1.pom
